[debug] [2023-11-10T12:51:14.173Z] ----------------------------------------------------------------------
[debug] [2023-11-10T12:51:14.177Z] Command:       C:\Program Files\nodejs\node.exe C:\Users\Gr8kev\AppData\Roaming\npm\node_modules\firebase-tools\lib\bin\firebase.js init
[debug] [2023-11-10T12:51:14.178Z] CLI Version:   12.8.1
[debug] [2023-11-10T12:51:14.179Z] Platform:      win32
[debug] [2023-11-10T12:51:14.179Z] Node Version:  v18.17.0
[debug] [2023-11-10T12:51:14.184Z] Time:          Fri Nov 10 2023 13:51:14 GMT+0100 (West Africa Standard Time)
[debug] [2023-11-10T12:51:14.184Z] ----------------------------------------------------------------------
[debug] 
[debug] [2023-11-10T12:51:14.204Z] > command requires scopes: ["email","openid","https://www.googleapis.com/auth/cloudplatformprojects.readonly","https://www.googleapis.com/auth/firebase","https://www.googleapis.com/auth/cloud-platform"]
[debug] [2023-11-10T12:51:14.205Z] > authorizing via signed-in user (ebukakels@gmail.com)
[info] 
     ######## #### ########  ######## ########     ###     ######  ########
     ##        ##  ##     ## ##       ##     ##  ##   ##  ##       ##
     ######    ##  ########  ######   ########  #########  ######  ######
     ##        ##  ##    ##  ##       ##     ## ##     ##       ## ##
     ##       #### ##     ## ######## ########  ##     ##  ######  ########

You're about to initialize a Firebase project in this directory:

  C:\Windows\System32\NEWS-MAG

Before we get started, keep in mind:

  * You are currently outside your home directory

[info] 
=== Project Setup
[info] 
[info] First, let's associate this project directory with a Firebase project.
[info] You can create multiple project aliases by running firebase use --add, 
[info] but for now we'll just set up a default project.
[info] 
[debug] [2023-11-10T12:51:35.733Z] >>> [apiv2][query] GET https://firebase.googleapis.com/v1beta1/projects pageSize=100
[debug] [2023-11-10T12:51:37.900Z] <<< [apiv2][status] GET https://firebase.googleapis.com/v1beta1/projects 200
[debug] [2023-11-10T12:51:37.901Z] <<< [apiv2][body] GET https://firebase.googleapis.com/v1beta1/projects [omitted]
